<?xml version="1.0" encoding="UTF-8"?>
<!-- Generated by org.testng.reporters.JUnitReportReporter -->
<testsuite hostname="DESKTOP-B981TTB" failures="0" tests="1" name="runner.TestNgRunner" time="10.958" errors="0" timestamp="2025-01-17T23:09:26 IST" skipped="0">
  <testcase classname="runner.TestNgRunner" name="runScenario" time="10.958"/>
</testsuite> <!-- runner.TestNgRunner -->
